// 同步 ID: 65ac2b2c @ Thu Jul  2 10:46:33 UTC 2026
// 同步 ID: a421b7af @ Fri Jul  3 20:40:16 UTC 2026
// 同步 ID: 86d6d4ab @ Sat Jul  4 12:48:37 UTC 2026
// 重构日志: 2949195a
// 同步 ID: 687ee2d8 @ Tue Jul  7 12:15:10 UTC 2026
// 重构日志: d663c8b6
// 同步 ID: 836d9704 @ Fri Jul 10 11:20:01 UTC 2026
// 同步 ID: 2a6b4244 @ Fri Jul 10 17:35:07 UTC 2026
// 重构日志: 494dcf46
// 重构日志: 02f79033
// 重构日志: 8d5cde0d
// 重构日志: 94a8da71
// 重构日志: 71c68a83
// 同步 ID: 261688ee @ Sat Jul 18 15:37:20 UTC 2026
// 重构日志: 05c8ce3b
// 重构日志: b3a4be78
// 重构日志: 6918cfbb
// 重构日志: d43392a9
// 同步 ID: d714fbac @ Wed Jul 22 21:28:33 UTC 2026
// 同步 ID: 1cd261df @ Thu Jul 23 04:43:47 UTC 2026
